# JRE version: OpenJDK Runtime Environment (8.0_112-b06) (build 1.8.0_112-release-b06)
# Java VM: OpenJDK 64-Bit Server VM (25.112-b06 mixed mode windows-amd64 compressed oops)
Heap:
 PSYoungGen      total 186368K, used 74754K [0x00000000e0000000, 0x00000000eca80000, 0x0000000100000000)
  eden space 170496K, 34% used [0x00000000e0000000,0x00000000e39e5aa8,0x00000000ea680000)
  from space 15872K, 97% used [0x00000000eb800000,0x00000000ec71aed8,0x00000000ec780000)
  to   space 17920K, 0% used [0x00000000ea680000,0x00000000ea680000,0x00000000eb800000)
 ParOldGen       total 55808K, used 33441K [0x00000000a0000000, 0x00000000a3680000, 0x00000000e0000000)
  object space 55808K, 59% used [0x00000000a0000000,0x00000000a20a8538,0x00000000a3680000)
 Metaspace       used 53849K, capacity 56014K, committed 56192K, reserved 1097728K
  class space    used 7317K, capacity 7760K, committed 7808K, reserved 1048576K
GC Heap History (10 events):
Event: 32.789 GC heap before
{Heap before GC invocations=10 (full 1):
 PSYoungGen      total 105984K, used 56183K [0x00000000e0000000, 0x00000000e7380000, 0x0000000100000000)
  eden space 98816K, 49% used [0x00000000e0000000,0x00000000e2fe82c0,0x00000000e6080000)
  from space 7168K, 99% used [0x00000000e6c80000,0x00000000e73759e0,0x00000000e7380000)
  to   space 9216K, 0% used [0x00000000e6180000,0x00000000e6180000,0x00000000e6a80000)
 ParOldGen       total 39424K, used 11613K [0x00000000a0000000, 0x00000000a2680000, 0x00000000e0000000)
  object space 39424K, 29% used [0x00000000a0000000,0x00000000a0b57768,0x00000000a2680000)
 Metaspace       used 34615K, capacity 35340K, committed 35496K, reserved 1079296K
  class space    used 4661K, capacity 4849K, committed 4864K, reserved 1048576K
Event: 32.824 GC heap after
Heap after GC invocations=10 (full 1):
 PSYoungGen      total 109056K, used 9201K [0x00000000e0000000, 0x00000000e9200000, 0x0000000100000000)
  eden space 99840K, 0% used [0x00000000e0000000,0x00000000e0000000,0x00000000e6180000)
  from space 9216K, 99% used [0x00000000e6180000,0x00000000e6a7c550,0x00000000e6a80000)
  to   space 11264K, 0% used [0x00000000e8700000,0x00000000e8700000,0x00000000e9200000)
 ParOldGen       total 39424K, used 13329K [0x00000000a0000000, 0x00000000a2680000, 0x00000000e0000000)
  object space 39424K, 33% used [0x00000000a0000000,0x00000000a0d045b0,0x00000000a2680000)
 Metaspace       used 34615K, capacity 35340K, committed 35496K, reserved 1079296K
  class space    used 4661K, capacity 4849K, committed 4864K, reserved 1048576K
}
Event: 32.824 GC heap before
{Heap before GC invocations=11 (full 2):
 PSYoungGen      total 109056K, used 9201K [0x00000000e0000000, 0x00000000e9200000, 0x0000000100000000)
  eden space 99840K, 0% used [0x00000000e0000000,0x00000000e0000000,0x00000000e6180000)
  from space 9216K, 99% used [0x00000000e6180000,0x00000000e6a7c550,0x00000000e6a80000)
  to   space 11264K, 0% used [0x00000000e8700000,0x00000000e8700000,0x00000000e9200000)
 ParOldGen       total 39424K, used 13329K [0x00000000a0000000, 0x00000000a2680000, 0x00000000e0000000)
  object space 39424K, 33% used [0x00000000a0000000,0x00000000a0d045b0,0x00000000a2680000)
 Metaspace       used 34615K, capacity 35340K, committed 35496K, reserved 1079296K
  class space    used 4661K, capacity 4849K, committed 4864K, reserved 1048576K
Event: 33.010 GC heap after
Heap after GC invocations=11 (full 2):
 PSYoungGen      total 109056K, used 0K [0x00000000e0000000, 0x00000000e9200000, 0x0000000100000000)
  eden space 99840K, 0% used [0x00000000e0000000,0x00000000e0000000,0x00000000e6180000)
  from space 9216K, 0% used [0x00000000e6180000,0x00000000e6180000,0x00000000e6a80000)
  to   space 11264K, 0% used [0x00000000e8700000,0x00000000e8700000,0x00000000e9200000)
 ParOldGen       total 55808K, used 17412K [0x00000000a0000000, 0x00000000a3680000, 0x00000000e0000000)
  object space 55808K, 31% used [0x00000000a0000000,0x00000000a11012b8,0x00000000a3680000)
 Metaspace       used 34615K, capacity 35340K, committed 35496K, reserved 1079296K
  class space    used 4661K, capacity 4849K, committed 4864K, reserved 1048576K
}
Event: 37.638 GC heap before
{Heap before GC invocations=12 (full 2):
 PSYoungGen      total 109056K, used 99840K [0x00000000e0000000, 0x00000000e9200000, 0x0000000100000000)
  eden space 99840K, 100% used [0x00000000e0000000,0x00000000e6180000,0x00000000e6180000)
  from space 9216K, 0% used [0x00000000e6180000,0x00000000e6180000,0x00000000e6a80000)
  to   space 11264K, 0% used [0x00000000e8700000,0x00000000e8700000,0x00000000e9200000)
 ParOldGen       total 55808K, used 17412K [0x00000000a0000000, 0x00000000a3680000, 0x00000000e0000000)
  object space 55808K, 31% used [0x00000000a0000000,0x00000000a11012b8,0x00000000a3680000)
 Metaspace       used 42778K, capacity 43702K, committed 43904K, reserved 1087488K
  class space    used 5755K, capacity 6001K, committed 6016K, reserved 1048576K
Event: 37.669 GC heap after
Heap after GC invocations=12 (full 2):
 PSYoungGen      total 137216K, used 10604K [0x00000000e0000000, 0x00000000e9680000, 0x0000000100000000)
  eden space 125952K, 0% used [0x00000000e0000000,0x00000000e0000000,0x00000000e7b00000)
  from space 11264K, 94% used [0x00000000e8700000,0x00000000e915b308,0x00000000e9200000)
  to   space 12288K, 0% used [0x00000000e7b00000,0x00000000e7b00000,0x00000000e8700000)
 ParOldGen       total 55808K, used 17420K [0x00000000a0000000, 0x00000000a3680000, 0x00000000e0000000)
  object space 55808K, 31% used [0x00000000a0000000,0x00000000a11032b8,0x00000000a3680000)
 Metaspace       used 42778K, capacity 43702K, committed 43904K, reserved 1087488K
  class space    used 5755K, capacity 6001K, committed 6016K, reserved 1048576K
}
Event: 43.077 GC heap before
{Heap before GC invocations=13 (full 2):
 PSYoungGen      total 137216K, used 136556K [0x00000000e0000000, 0x00000000e9680000, 0x0000000100000000)
  eden space 125952K, 100% used [0x00000000e0000000,0x00000000e7b00000,0x00000000e7b00000)
  from space 11264K, 94% used [0x00000000e8700000,0x00000000e915b308,0x00000000e9200000)
  to   space 12288K, 0% used [0x00000000e7b00000,0x00000000e7b00000,0x00000000e8700000)
 ParOldGen       total 55808K, used 17420K [0x00000000a0000000, 0x00000000a3680000, 0x00000000e0000000)
  object space 55808K, 31% used [0x00000000a0000000,0x00000000a11032b8,0x00000000a3680000)
 Metaspace       used 46854K, capacity 48284K, committed 48512K, reserved 1091584K
  class space    used 6325K, capacity 6672K, committed 6784K, reserved 1048576K
Event: 43.277 GC heap after
Heap after GC invocations=13 (full 2):
 PSYoungGen      total 138240K, used 12257K [0x00000000e0000000, 0x00000000ec780000, 0x0000000100000000)
  eden space 125952K, 0% used [0x00000000e0000000,0x00000000e0000000,0x00000000e7b00000)
  from space 12288K, 99% used [0x00000000e7b00000,0x00000000e86f8448,0x00000000e8700000)
  to   space 15872K, 0% used [0x00000000eb800000,0x00000000eb800000,0x00000000ec780000)
 ParOldGen       total 55808K, used 21801K [0x00000000a0000000, 0x00000000a3680000, 0x00000000e0000000)
  object space 55808K, 39% used [0x00000000a0000000,0x00000000a154a520,0x00000000a3680000)
 Metaspace       used 46854K, capacity 48284K, committed 48512K, reserved 1091584K
  class space    used 6325K, capacity 6672K, committed 6784K, reserved 1048576K
}
Event: 48.840 GC heap before
{Heap before GC invocations=14 (full 2):
 PSYoungGen      total 138240K, used 138209K [0x00000000e0000000, 0x00000000ec780000, 0x0000000100000000)
  eden space 125952K, 100% used [0x00000000e0000000,0x00000000e7b00000,0x00000000e7b00000)
  from space 12288K, 99% used [0x00000000e7b00000,0x00000000e86f8448,0x00000000e8700000)
  to   space 15872K, 0% used [0x00000000eb800000,0x00000000eb800000,0x00000000ec780000)
 ParOldGen       total 55808K, used 21801K [0x00000000a0000000, 0x00000000a3680000, 0x00000000e0000000)
  object space 55808K, 39% used [0x00000000a0000000,0x00000000a154a520,0x00000000a3680000)
 Metaspace       used 50479K, capacity 52168K, committed 52352K, reserved 1093632K
  class space    used 6903K, capacity 7244K, committed 7296K, reserved 1048576K
Event: 48.918 GC heap after
Heap after GC invocations=14 (full 2):
 PSYoungGen      total 186368K, used 15467K [0x00000000e0000000, 0x00000000eca80000, 0x0000000100000000)
  eden space 170496K, 0% used [0x00000000e0000000,0x00000000e0000000,0x00000000ea680000)
  from space 15872K, 97% used [0x00000000eb800000,0x00000000ec71aed8,0x00000000ec780000)
  to   space 17920K, 0% used [0x00000000ea680000,0x00000000ea680000,0x00000000eb800000)
 ParOldGen       total 55808K, used 33441K [0x00000000a0000000, 0x00000000a3680000, 0x00000000e0000000)
  object space 55808K, 59% used [0x00000000a0000000,0x00000000a20a8538,0x00000000a3680000)
 Metaspace       used 50479K, capacity 52168K, committed 52352K, reserved 1093632K
  class space    used 6903K, capacity 7244K, committed 7296K, reserved 1048576K
}

