# JRE version: OpenJDK Runtime Environment (8.0_112-b06) (build 1.8.0_112-release-b06)
# Java VM: OpenJDK 64-Bit Server VM (25.112-b06 mixed mode windows-amd64 compressed oops)
Heap:
 PSYoungGen      total 184320K, used 168749K [0x00000000e0000000, 0x00000000ed280000, 0x0000000100000000)
  eden space 162304K, 90% used [0x00000000e0000000,0x00000000e8f63778,0x00000000e9e80000)
  from space 22016K, 99% used [0x00000000ea480000,0x00000000eb9e7f08,0x00000000eba00000)
  to   space 25088K, 0% used [0x00000000eba00000,0x00000000eba00000,0x00000000ed280000)
 ParOldGen       total 103424K, used 62698K [0x00000000a0000000, 0x00000000a6500000, 0x00000000e0000000)
  object space 103424K, 60% used [0x00000000a0000000,0x00000000a3d3a908,0x00000000a6500000)
 Metaspace       used 73930K, capacity 78406K, committed 78720K, reserved 1118208K
  class space    used 9553K, capacity 10277K, committed 10368K, reserved 1048576K
GC Heap History (10 events):
Event: 1547.936 GC heap before
{Heap before GC invocations=24 (full 3):
 PSYoungGen      total 173056K, used 172653K [0x00000000e0000000, 0x00000000ed880000, 0x0000000100000000)
  eden space 164864K, 100% used [0x00000000e0000000,0x00000000ea100000,0x00000000ea100000)
  from space 8192K, 95% used [0x00000000ed080000,0x00000000ed81b6a0,0x00000000ed880000)
  to   space 15360K, 0% used [0x00000000eba80000,0x00000000eba80000,0x00000000ec980000)
 ParOldGen       total 103424K, used 43614K [0x00000000a0000000, 0x00000000a6500000, 0x00000000e0000000)
  object space 103424K, 42% used [0x00000000a0000000,0x00000000a2a97a98,0x00000000a6500000)
 Metaspace       used 70888K, capacity 74336K, committed 74496K, reserved 1114112K
  class space    used 9295K, capacity 9953K, committed 9984K, reserved 1048576K
Event: 1548.167 GC heap after
Heap after GC invocations=24 (full 3):
 PSYoungGen      total 204800K, used 15341K [0x00000000e0000000, 0x00000000ee700000, 0x0000000100000000)
  eden space 189440K, 0% used [0x00000000e0000000,0x00000000e0000000,0x00000000eb900000)
  from space 15360K, 99% used [0x00000000eba80000,0x00000000ec97b630,0x00000000ec980000)
  to   space 23552K, 0% used [0x00000000ed000000,0x00000000ed000000,0x00000000ee700000)
 ParOldGen       total 103424K, used 60380K [0x00000000a0000000, 0x00000000a6500000, 0x00000000e0000000)
  object space 103424K, 58% used [0x00000000a0000000,0x00000000a3af7248,0x00000000a6500000)
 Metaspace       used 70888K, capacity 74336K, committed 74496K, reserved 1114112K
  class space    used 9295K, capacity 9953K, committed 9984K, reserved 1048576K
}
Event: 1780.696 GC heap before
{Heap before GC invocations=25 (full 3):
 PSYoungGen      total 204800K, used 204781K [0x00000000e0000000, 0x00000000ee700000, 0x0000000100000000)
  eden space 189440K, 100% used [0x00000000e0000000,0x00000000eb900000,0x00000000eb900000)
  from space 15360K, 99% used [0x00000000eba80000,0x00000000ec97b630,0x00000000ec980000)
  to   space 23552K, 0% used [0x00000000ed000000,0x00000000ed000000,0x00000000ee700000)
 ParOldGen       total 103424K, used 60380K [0x00000000a0000000, 0x00000000a6500000, 0x00000000e0000000)
  object space 103424K, 58% used [0x00000000a0000000,0x00000000a3af7248,0x00000000a6500000)
 Metaspace       used 71806K, capacity 75690K, committed 75904K, reserved 1116160K
  class space    used 9393K, capacity 10097K, committed 10112K, reserved 1048576K
Event: 1780.759 GC heap after
Heap after GC invocations=25 (full 3):
 PSYoungGen      total 200704K, used 16579K [0x00000000e0000000, 0x00000000ee200000, 0x0000000100000000)
  eden space 182272K, 0% used [0x00000000e0000000,0x00000000e0000000,0x00000000eb200000)
  from space 18432K, 89% used [0x00000000ed000000,0x00000000ee030da0,0x00000000ee200000)
  to   space 24576K, 0% used [0x00000000eb200000,0x00000000eb200000,0x00000000eca00000)
 ParOldGen       total 103424K, used 62682K [0x00000000a0000000, 0x00000000a6500000, 0x00000000e0000000)
  object space 103424K, 60% used [0x00000000a0000000,0x00000000a3d36908,0x00000000a6500000)
 Metaspace       used 71806K, capacity 75690K, committed 75904K, reserved 1116160K
  class space    used 9393K, capacity 10097K, committed 10112K, reserved 1048576K
}
Event: 3519.094 GC heap before
{Heap before GC invocations=26 (full 3):
 PSYoungGen      total 200704K, used 198851K [0x00000000e0000000, 0x00000000ee200000, 0x0000000100000000)
  eden space 182272K, 100% used [0x00000000e0000000,0x00000000eb200000,0x00000000eb200000)
  from space 18432K, 89% used [0x00000000ed000000,0x00000000ee030da0,0x00000000ee200000)
  to   space 24576K, 0% used [0x00000000eb200000,0x00000000eb200000,0x00000000eca00000)
 ParOldGen       total 103424K, used 62682K [0x00000000a0000000, 0x00000000a6500000, 0x00000000e0000000)
  object space 103424K, 60% used [0x00000000a0000000,0x00000000a3d36908,0x00000000a6500000)
 Metaspace       used 72349K, capacity 76648K, committed 76800K, reserved 1116160K
  class space    used 9459K, capacity 10200K, committed 10240K, reserved 1048576K
Event: 3519.396 GC heap after
Heap after GC invocations=26 (full 3):
 PSYoungGen      total 188928K, used 13401K [0x00000000e0000000, 0x00000000edb00000, 0x0000000100000000)
  eden space 175104K, 0% used [0x00000000e0000000,0x00000000e0000000,0x00000000eab00000)
  from space 13824K, 96% used [0x00000000eb200000,0x00000000ebf16640,0x00000000ebf80000)
  to   space 24576K, 0% used [0x00000000ec300000,0x00000000ec300000,0x00000000edb00000)
 ParOldGen       total 103424K, used 62690K [0x00000000a0000000, 0x00000000a6500000, 0x00000000e0000000)
  object space 103424K, 60% used [0x00000000a0000000,0x00000000a3d38908,0x00000000a6500000)
 Metaspace       used 72349K, capacity 76648K, committed 76800K, reserved 1116160K
  class space    used 9459K, capacity 10200K, committed 10240K, reserved 1048576K
}
Event: 8351.439 GC heap before
{Heap before GC invocations=27 (full 3):
 PSYoungGen      total 188928K, used 188505K [0x00000000e0000000, 0x00000000edb00000, 0x0000000100000000)
  eden space 175104K, 100% used [0x00000000e0000000,0x00000000eab00000,0x00000000eab00000)
  from space 13824K, 96% used [0x00000000eb200000,0x00000000ebf16640,0x00000000ebf80000)
  to   space 24576K, 0% used [0x00000000ec300000,0x00000000ec300000,0x00000000edb00000)
 ParOldGen       total 103424K, used 62690K [0x00000000a0000000, 0x00000000a6500000, 0x00000000e0000000)
  object space 103424K, 60% used [0x00000000a0000000,0x00000000a3d38908,0x00000000a6500000)
 Metaspace       used 72953K, capacity 77340K, committed 77696K, reserved 1116160K
  class space    used 9517K, capacity 10248K, committed 10368K, reserved 1048576K
Event: 8351.510 GC heap after
Heap after GC invocations=27 (full 3):
 PSYoungGen      total 185344K, used 13658K [0x00000000e0000000, 0x00000000ed380000, 0x0000000100000000)
  eden space 168448K, 0% used [0x00000000e0000000,0x00000000e0000000,0x00000000ea480000)
  from space 16896K, 80% used [0x00000000ec300000,0x00000000ed056b60,0x00000000ed380000)
  to   space 24064K, 0% used [0x00000000ea480000,0x00000000ea480000,0x00000000ebc00000)
 ParOldGen       total 103424K, used 62698K [0x00000000a0000000, 0x00000000a6500000, 0x00000000e0000000)
  object space 103424K, 60% used [0x00000000a0000000,0x00000000a3d3a908,0x00000000a6500000)
 Metaspace       used 72953K, capacity 77340K, committed 77696K, reserved 1116160K
  class space    used 9517K, capacity 10248K, committed 10368K, reserved 1048576K
}
Event: 8363.215 GC heap before
{Heap before GC invocations=28 (full 3):
 PSYoungGen      total 185344K, used 182106K [0x00000000e0000000, 0x00000000ed380000, 0x0000000100000000)
  eden space 168448K, 100% used [0x00000000e0000000,0x00000000ea480000,0x00000000ea480000)
  from space 16896K, 80% used [0x00000000ec300000,0x00000000ed056b60,0x00000000ed380000)
  to   space 24064K, 0% used [0x00000000ea480000,0x00000000ea480000,0x00000000ebc00000)
 ParOldGen       total 103424K, used 62698K [0x00000000a0000000, 0x00000000a6500000, 0x00000000e0000000)
  object space 103424K, 60% used [0x00000000a0000000,0x00000000a3d3a908,0x00000000a6500000)
 Metaspace       used 73701K, capacity 78114K, committed 78464K, reserved 1118208K
  class space    used 9537K, capacity 10257K, committed 10368K, reserved 1048576K
Event: 8363.277 GC heap after
Heap after GC invocations=28 (full 3):
 PSYoungGen      total 184320K, used 21919K [0x00000000e0000000, 0x00000000ed280000, 0x0000000100000000)
  eden space 162304K, 0% used [0x00000000e0000000,0x00000000e0000000,0x00000000e9e80000)
  from space 22016K, 99% used [0x00000000ea480000,0x00000000eb9e7f08,0x00000000eba00000)
  to   space 25088K, 0% used [0x00000000eba00000,0x00000000eba00000,0x00000000ed280000)
 ParOldGen       total 103424K, used 62698K [0x00000000a0000000, 0x00000000a6500000, 0x00000000e0000000)
  object space 103424K, 60% used [0x00000000a0000000,0x00000000a3d3a908,0x00000000a6500000)
 Metaspace       used 73701K, capacity 78114K, committed 78464K, reserved 1118208K
  class space    used 9537K, capacity 10257K, committed 10368K, reserved 1048576K
}

